<?xml version="1.0" encoding="UTF-8"?>
<testng-results ignored="0" total="1" passed="1" failed="0" skipped="0">
  <reporter-output>
  </reporter-output>
  <suite started-at="2023-03-19T21:12:20 IST" name="Suite" finished-at="2023-03-19T21:12:30 IST" duration-ms="9853">
    <groups>
    </groups>
    <test started-at="2023-03-19T21:12:20 IST" name="Test" finished-at="2023-03-19T21:12:30 IST" duration-ms="9853">
      <class name="testclass.signin">
        <test-method is-config="true" signature="login()[pri:0, instance:testclass.signin@dbf57b3]" started-at="2023-03-19T21:12:20 IST" name="login" finished-at="2023-03-19T21:12:29 IST" duration-ms="9438" status="PASS">
          <reporter-output>
          </reporter-output>
        </test-method> <!-- login -->
        <test-method signature="sampleTest()[pri:0, instance:testclass.signin@dbf57b3]" started-at="2023-03-19T21:12:29 IST" name="sampleTest" finished-at="2023-03-19T21:12:29 IST" duration-ms="59" status="PASS">
          <reporter-output>
          </reporter-output>
        </test-method> <!-- sampleTest -->
        <test-method is-config="true" signature="tearDown()[pri:0, instance:testclass.signin@dbf57b3]" started-at="2023-03-19T21:12:29 IST" name="tearDown" finished-at="2023-03-19T21:12:30 IST" duration-ms="314" status="PASS">
          <reporter-output>
          </reporter-output>
        </test-method> <!-- tearDown -->
      </class> <!-- testclass.signin -->
    </test> <!-- Test -->
  </suite> <!-- Suite -->
</testng-results>
